<?xml version="1.0" encoding="UTF-8"?>
<!-- Generated by org.testng.reporters.JUnitReportReporter -->
<testsuite hostname="DESKTOP-GSN4P4V" failures="0" tests="1" name="testCases.TC002_LoginTest" time="1.402" errors="0" timestamp="2025-02-25T14:33:50 IST" skipped="0">
  <testcase classname="testCases.TC002_LoginTest" name="verifyLogin" time="1.402"/>
</testsuite> <!-- testCases.TC002_LoginTest -->
